Línea 81: la clase MSDataGridLib.DataGrid del control GrillaVentas no era una clase de control cargada.
Línea 87: el nombre de la propiedad _ExtentX de GrillaVentas no es válido.
Línea 88: el nombre de la propiedad _ExtentY de GrillaVentas no es válido.
Línea 89: el nombre de la propiedad _Version de GrillaVentas no es válido.
Línea 90: el nombre de la propiedad HeadLines de GrillaVentas no es válido.
Línea 91: el nombre de la propiedad RowHeight de GrillaVentas no es válido.
Línea 100: el nombre de la propiedad HeadFont de GrillaVentas no es válido.
Línea 110: el nombre de la propiedad ColumnCount de GrillaVentas no es válido.
Línea 123: el nombre de la propiedad Column00 de GrillaVentas no es válido.
Línea 136: el nombre de la propiedad Column01 de GrillaVentas no es válido.
Línea 137: el nombre de la propiedad SplitCount de GrillaVentas no es válido.
Línea 143: el nombre de la propiedad Split0 de GrillaVentas no es válido.
Línea 87: el nombre de la propiedad _ExtentX de GrillaVentas no es válido.
Línea 88: el nombre de la propiedad _ExtentY de GrillaVentas no es válido.
Línea 89: el nombre de la propiedad _Version de GrillaVentas no es válido.
Línea 90: el nombre de la propiedad HeadLines de GrillaVentas no es válido.
Línea 91: el nombre de la propiedad RowHeight de GrillaVentas no es válido.
Línea 100: el nombre de la propiedad HeadFont de GrillaVentas no es válido.
Línea 110: el nombre de la propiedad ColumnCount de GrillaVentas no es válido.
Línea 123: el nombre de la propiedad Column00 de GrillaVentas no es válido.
Línea 136: el nombre de la propiedad Column01 de GrillaVentas no es válido.
Línea 137: el nombre de la propiedad SplitCount de GrillaVentas no es válido.
Línea 143: el nombre de la propiedad Split0 de GrillaVentas no es válido.
